This is pdfTeX, Version 3.14159265-2.6-1.40.15 (TeX Live 2015/dev/Debian) (preloaded format=latex 2015.5.25)  11 SEP 2015 15:31
entering extended mode
 restricted \write18 enabled.
 %&-line parsing enabled.
**pbr.tex
(./pbr.tex
LaTeX2e <2014/05/01>
Babel <3.9l> and hyphenation patterns for 2 languages loaded.
(./ubcthesis.cls
Document Class: ubcthesis 2012/04/07 v1.70 
 University of British Columbia Thesis Class
(./genthesis.cls
Document Class: genthesis 2012/04/07 v1.70 
 University of British Columbia Thesis Class
\hours=\count79
\minutes=\count80
\UBCT@oldtextwidth=\skip41
\UBCT@oldtextheight=\skip42
\UBCT@oldoddsidemargin=\skip43
\UBCT@oldevensidemargin=\skip44
\UBCT@oldtopmargin=\skip45
\UBCT@oldtopskip=\skip46
\UBCT@old@colht=\skip47
\UBCT@old@colroom=\skip48
\UBCT@oldvsize=\skip49
\UBCT@oldcolumnwidth=\skip50
\UBCT@oldhsize=\skip51
\UBCT@oldlinewidth=\skip52
\UBCT@oldparindent=\skip53
\UBCT@oldmarginparsep=\skip54
\UBCT@oldmarginparwidth=\skip55
\partbetweenskip=\skip56
\chapterbeforeskip=\skip57
\chapterbetweenskip=\skip58
\chapterafterskip=\skip59
\sectionindent=\skip60
\sectionbeforeskip=\skip61
\sectionafterskip=\skip62
\subsectionindent=\skip63
\subsectionbeforeskip=\skip64
\subsectionafterskip=\skip65
\subsubsectionindent=\skip66
\subsubsectionbeforeskip=\skip67
\subsubsectionafterskip=\skip68
\paragraphindent=\skip69
\paragraphbeforeskip=\skip70
\paragraphafterskip=\skip71
\subparagraphindent=\skip72
\subparagraphbeforeskip=\skip73
\subparagraphafterskip=\skip74
(/usr/share/texlive/texmf-dist/tex/latex/base/bk12.clo
File: bk12.clo 2014/09/29 v1.4h Standard LaTeX file (size option)
)
\headlinespace=\skip75
\titlemarginleft=\skip76
\titlemarginright=\skip77
\titlemargintop=\skip78
\titlemarginbottom=\skip79
\c@@oldsecnumdepth=\count81
\c@part=\count82
\c@chapter=\count83
\c@section=\count84
\c@subsection=\count85
\c@subsubsection=\count86
\c@paragraph=\count87
\c@subparagraph=\count88
\c@figure=\count89
\c@table=\count90
\abovecaptionskip=\skip80
\belowcaptionskip=\skip81
\bibindent=\dimen102
)
\@logocopywidth=\skip82
\@logocopyheight=\skip83
\@logowidth=\skip84
) (./october.sty
(/usr/share/texlive/texmf-dist/tex/latex/amsfonts/amsfonts.sty
Package: amsfonts 2013/01/14 v3.01 Basic AMSFonts support
\@emptytoks=\toks14
\symAMSa=\mathgroup4
\symAMSb=\mathgroup5
LaTeX Font Info:    Overwriting math alphabet `\mathfrak' in version `bold'
(Font)                  U/euf/m/n --> U/euf/b/n on input line 106.
)
(/usr/share/texlive/texmf-dist/tex/latex/amsfonts/amssymb.sty
Package: amssymb 2013/01/14 v3.01 AMS font symbols
)
(/usr/share/texlive/texmf-dist/tex/latex/tools/enumerate.sty
Package: enumerate 2014/10/28 v3.00 enumerate extensions (DPC)
\@enLab=\toks15
)
(/usr/share/texlive/texmf-dist/tex/latex/amsmath/amsmath.sty
Package: amsmath 2013/01/14 v2.14 AMS math features
\@mathmargin=\skip85

For additional information on amsmath, use the `?' option.
(/usr/share/texlive/texmf-dist/tex/latex/amsmath/amstext.sty
Package: amstext 2000/06/29 v2.01

(/usr/share/texlive/texmf-dist/tex/latex/amsmath/amsgen.sty
File: amsgen.sty 1999/11/30 v2.0
\@emptytoks=\toks16
\ex@=\dimen103
))
(/usr/share/texlive/texmf-dist/tex/latex/amsmath/amsbsy.sty
Package: amsbsy 1999/11/29 v1.2d
\pmbraise@=\dimen104
)
(/usr/share/texlive/texmf-dist/tex/latex/amsmath/amsopn.sty
Package: amsopn 1999/12/14 v2.01 operator names
)
\inf@bad=\count91
LaTeX Info: Redefining \frac on input line 210.
\uproot@=\count92
\leftroot@=\count93
LaTeX Info: Redefining \overline on input line 306.
\classnum@=\count94
\DOTSCASE@=\count95
LaTeX Info: Redefining \ldots on input line 378.
LaTeX Info: Redefining \dots on input line 381.
LaTeX Info: Redefining \cdots on input line 466.
\Mathstrutbox@=\box26
\strutbox@=\box27
\big@size=\dimen105
LaTeX Font Info:    Redeclaring font encoding OML on input line 566.
LaTeX Font Info:    Redeclaring font encoding OMS on input line 567.
\macc@depth=\count96
\c@MaxMatrixCols=\count97
\dotsspace@=\muskip10
\c@parentequation=\count98
\dspbrk@lvl=\count99
\tag@help=\toks17
\row@=\count100
\column@=\count101
\maxfields@=\count102
\andhelp@=\toks18
\eqnshift@=\dimen106
\alignsep@=\dimen107
\tagshift@=\dimen108
\tagwidth@=\dimen109
\totwidth@=\dimen110
\lineht@=\dimen111
\@envbody=\toks19
\multlinegap=\skip86
\multlinetaggap=\skip87
\mathdisplay@stack=\toks20
LaTeX Info: Redefining \[ on input line 2665.
LaTeX Info: Redefining \] on input line 2666.
)
(/usr/share/texlive/texmf-dist/tex/latex/graphics/graphicx.sty
Package: graphicx 2014/04/25 v1.0g Enhanced LaTeX Graphics (DPC,SPQR)

(/usr/share/texlive/texmf-dist/tex/latex/graphics/keyval.sty
Package: keyval 2014/05/08 v1.15 key=value parser (DPC)
\KV@toks@=\toks21
)
(/usr/share/texlive/texmf-dist/tex/latex/graphics/graphics.sty
Package: graphics 2009/02/05 v1.0o Standard LaTeX Graphics (DPC,SPQR)

(/usr/share/texlive/texmf-dist/tex/latex/graphics/trig.sty
Package: trig 1999/03/16 v1.09 sin cos tan (DPC)
)
(/usr/share/texlive/texmf-dist/tex/latex/latexconfig/graphics.cfg
File: graphics.cfg 2010/04/23 v1.9 graphics configuration of TeX Live
)
Package graphics Info: Driver file: dvips.def on input line 91.

(/usr/share/texlive/texmf-dist/tex/latex/graphics/dvips.def
File: dvips.def 2014/04/23 v3.0j Driver-dependant file (DPC,SPQR)
))
\Gin@req@height=\dimen112
\Gin@req@width=\dimen113
)
(/usr/share/texlive/texmf-dist/tex/latex/lineno/lineno.sty
Package: lineno 2005/11/02 line numbers on paragraphs v4.41
\linenopenalty=\count103
\output=\toks22
\linenoprevgraf=\count104
\linenumbersep=\dimen114
\linenumberwidth=\dimen115
\c@linenumber=\count105
\c@pagewiselinenumber=\count106
\c@LN@truepage=\count107
\c@internallinenumber=\count108
\c@internallinenumbers=\count109
\quotelinenumbersep=\dimen116
\bframerule=\dimen117
\bframesep=\dimen118
\bframebox=\box28
LaTeX Info: Redefining \\ on input line 3056.
)
(/usr/share/texlive/texmf-dist/tex/latex/geometry/geometry.sty
Package: geometry 2010/09/12 v5.6 Page Geometry

(/usr/share/texlive/texmf-dist/tex/generic/oberdiek/ifpdf.sty
Package: ifpdf 2011/01/30 v2.3 Provides the ifpdf switch (HO)
Package ifpdf Info: pdfTeX in PDF mode is not detected.
)
(/usr/share/texlive/texmf-dist/tex/generic/oberdiek/ifvtex.sty
Package: ifvtex 2010/03/01 v1.5 Detect VTeX and its facilities (HO)
Package ifvtex Info: VTeX not detected.
)
(/usr/share/texlive/texmf-dist/tex/generic/ifxetex/ifxetex.sty
Package: ifxetex 2010/09/12 v0.6 Provides ifxetex conditional
)
\Gm@cnth=\count110
\Gm@cntv=\count111
\c@Gm@tempcnt=\count112
\Gm@bindingoffset=\dimen119
\Gm@wd@mp=\dimen120
\Gm@odd@mp=\dimen121
\Gm@even@mp=\dimen122
\Gm@layoutwidth=\dimen123
\Gm@layoutheight=\dimen124
\Gm@layouthoffset=\dimen125
\Gm@layoutvoffset=\dimen126
\Gm@dimlist=\toks23
)
(/usr/share/texlive/texmf-dist/tex/latex/natbib/natbib.sty
Package: natbib 2010/09/13 8.31b (PWD, AO)
\bibhang=\skip88
\bibsep=\skip89
LaTeX Info: Redefining \cite on input line 694.
\c@NAT@ctr=\count113
)
(/usr/share/texlive/texmf-dist/tex/latex/setspace/setspace.sty
Package: setspace 2011/12/19 v6.7a set line spacing
)
(/usr/share/texlive/texmf-dist/tex/latex/xcolor/xcolor.sty
Package: xcolor 2007/01/21 v2.11 LaTeX color extensions (UK)

(/usr/share/texlive/texmf-dist/tex/latex/latexconfig/color.cfg
File: color.cfg 2007/01/18 v1.5 color configuration of teTeX/TeXLive
)
Package xcolor Info: Driver file: dvips.def on input line 225.

(/usr/share/texlive/texmf-dist/tex/latex/colortbl/colortbl.sty
Package: colortbl 2012/02/13 v1.0a Color table columns (DPC)

(/usr/share/texlive/texmf-dist/tex/latex/tools/array.sty
Package: array 2014/10/28 v2.4c Tabular extension package (FMi)
\col@sep=\dimen127
\extrarowheight=\dimen128
\NC@list=\toks24
\extratabsurround=\skip90
\backup@length=\skip91
)
\everycr=\toks25
\minrowclearance=\skip92
)
\rownum=\count114
Package xcolor Info: Model `cmy' substituted by `cmy0' on input line 1337.
Package xcolor Info: Model `RGB' extended on input line 1353.
Package xcolor Info: Model `HTML' substituted by `rgb' on input line 1355.
Package xcolor Info: Model `Hsb' substituted by `hsb' on input line 1356.
Package xcolor Info: Model `tHsb' substituted by `hsb' on input line 1357.
Package xcolor Info: Model `HSB' substituted by `hsb' on input line 1358.
Package xcolor Info: Model `Gray' substituted by `gray' on input line 1359.
Package xcolor Info: Model `wave' substituted by `hsb' on input line 1360.
)
\c@expls=\count115
) (./pbr.aux
No file intro.aux.
(./jeco.aux))
\openout1 = `pbr.aux'.

LaTeX Font Info:    Checking defaults for OML/cmm/m/it on input line 6.
LaTeX Font Info:    ... okay on input line 6.
LaTeX Font Info:    Checking defaults for T1/cmr/m/n on input line 6.
LaTeX Font Info:    ... okay on input line 6.
LaTeX Font Info:    Checking defaults for OT1/cmr/m/n on input line 6.
LaTeX Font Info:    ... okay on input line 6.
LaTeX Font Info:    Checking defaults for OMS/cmsy/m/n on input line 6.
LaTeX Font Info:    ... okay on input line 6.
LaTeX Font Info:    Checking defaults for OMX/cmex/m/n on input line 6.
LaTeX Font Info:    ... okay on input line 6.
LaTeX Font Info:    Checking defaults for U/cmr/m/n on input line 6.
LaTeX Font Info:    ... okay on input line 6.

*geometry* detected driver: pdftex
*geometry* verbose mode - [ preamble ] result:
* driver: pdftex
* paper: <default>
* layout: <same size as paper>
* layoutoffset:(h,v)=(0.0pt,0.0pt)
* modes: 
* h-part:(L,W,R)=(92.14519pt, 430.00462pt, 92.14519pt)
* v-part:(T,H,B)=(95.39737pt, 556.47656pt, 143.09605pt)
* \paperwidth=614.295pt
* \paperheight=794.96999pt
* \textwidth=430.00462pt
* \textheight=556.47656pt
* \oddsidemargin=19.8752pt
* \evensidemargin=19.8752pt
* \topmargin=-8.74641pt
* \headheight=12.0pt
* \headsep=19.8738pt
* \topskip=12.0pt
* \footskip=30.0pt
* \marginparwidth=47.0pt
* \marginparsep=7.0pt
* \columnsep=10.0pt
* \skip\footins=10.8pt plus 4.0pt minus 2.0pt
* \hoffset=0.0pt
* \voffset=0.0pt
* \mag=1000
* \@twocolumnfalse
* \@twosidefalse
* \@mparswitchfalse
* \@reversemarginfalse
* (1in=72.27pt=25.4mm, 1cm=28.453pt)

LaTeX Font Info:    Try loading font information for OMS+cmr on input line 11.
(/usr/share/texlive/texmf-dist/tex/latex/base/omscmr.fd
File: omscmr.fd 2014/09/29 v2.5h Standard LaTeX font definitions
)
LaTeX Font Info:    Font shape `OMS/cmr/m/n' in size <12> not available
(Font)              Font shape `OMS/cmsy/m/n' tried instead on input line 11.
 [1


] [2


]
LaTeX Font Info:    Try loading font information for U+msa on input line 49.

(/usr/share/texlive/texmf-dist/tex/latex/amsfonts/umsa.fd
File: umsa.fd 2013/01/14 v3.01 AMS symbols A
)
LaTeX Font Info:    Try loading font information for U+msb on input line 49.

(/usr/share/texlive/texmf-dist/tex/latex/amsfonts/umsb.fd
File: umsb.fd 2013/01/14 v3.01 AMS symbols B
) [3] (./pbr.toc)
\tf@toc=\write3
\openout3 = `pbr.toc'.


[4


]
Chapter 1.
[1


]
Chapter 2.
[2


]
\openout2 = `jeco.aux'.

 (./jeco.tex

Package natbib Warning: Citation `tversky77' on page 3 undefined on input line 
14.

[3

]
File: contourslp.eps Graphic file (type eps)
 <contourslp.eps>

LaTeX Warning: Reference `fig:contoursrj' on page 4 undefined on input line 92.



LaTeX Warning: Reference `fig:contoursrj' on page 4 undefined on input line 92.


File: crj.eps Graphic file (type eps)
<crj.eps>

Package natbib Warning: Citation `maher93' on page 4 undefined on input line 12
6.


Package natbib Warning: Citation `joyce98' on page 4 undefined on input line 13
0.


Package natbib Warning: Citation `greaveswallace06' on page 4 undefined on inpu
t line 138.


Package natbib Warning: Citation `pettigrew13' on page 4 undefined on input lin
e 139.


Package natbib Warning: Citation `leitgebpettigrew10i' on page 4 undefined on i
nput line 144.


Package natbib Warning: Citation `leitgebpettigrew10ii' on page 4 undefined on 
input line 145.

[4] [5]

Package natbib Warning: Citation `williams80' on page 6 undefined on input line
 180.


Package natbib Warning: Citation `catichagiffin06' on page 6 undefined on input
 line 182.


Package natbib Warning: Citation `lukits15' on page 6 undefined on input line 1
82.


Package natbib Warning: Citation `wagner02' on page 6 undefined on input line 1
83.


LaTeX Warning: Reference `fivex' on page 6 undefined on input line 198.


LaTeX Warning: Reference `ascc' on page 6 undefined on input line 200.

[6]

Package natbib Warning: Citation `popper63' on page 7 undefined on input line 2
22.


Package natbib Warning: Citation `gemes07' on page 7 undefined on input line 22
3.


Package natbib Warning: Citation `oddie13' on page 7 undefined on input line 22
3.


Package natbib Warning: Citation `shunichi85' on page 7 undefined on input line
 238.


Package natbib Warning: Citation `mormann05' on page 7 undefined on input line 
243.


Package natbib Warning: Citation `miller84' on page 7 undefined on input line 2
44.


Overfull \hbox (5.35477pt too wide) in paragraph at lines 233--246
[]\OT1/cmr/m/n/12 Leitgeb and Pet-ti-grew muse about al-ter-na-tive ge-ome-trie
s, es-pe-cially non-Euclidean
 []

[7]

Package natbib Warning: Citation `mormann05' on page 8 undefined on input line 
256.


Package natbib Warning: Citation `mormann05' on page 8 undefined on input line 
256.

[8] [9]

Package natbib Warning: Citation `joyce98' on page 10 undefined on input line 3
56.


LaTeX Warning: Reference `Asymmetry' on page 10 undefined on input line 356.


Package natbib Warning: Citation `csiszarshields04' on page 10 undefined on inp
ut line 364.


Package natbib Warning: Citation `leitgebpettigrew10ii' on page 10 undefined on
 input line 386.


Package natbib Warning: Citation `joyce98' on page 10 undefined on input line 3
88.

[10]

Package natbib Warning: Citation `levinstein12' on page 11 undefined on input l
ine 421.

[11]

Package natbib Warning: Citation `shorejohnson80' on page 12 undefined on input
 line 439.


Package natbib Warning: Citation `lukits15' on page 12 undefined on input line 
441.


Package natbib Warning: Citation `leitgebpettigrew10i' on page 12 undefined on 
input line 452.

[12] [13]

Package lineno Warning: Linenumber reference failed, 
(lineno)                rerun to get it right.


LaTeX Warning: File `threepoints.eps' not found on input line 551.


! LaTeX Error: File `threepoints.eps' not found.

See the LaTeX manual or LaTeX Companion for explanation.
Type  H <return>  for immediate help.
 ...                                              
                                                  
l.551 ...aphics[width=\textwidth]{threepoints.eps}
                                                  
? x
 
Here is how much of TeX's memory you used:
 3643 strings out of 495021
 45306 string characters out of 6181350
 114613 words of memory out of 5000000
 6811 multiletter control sequences out of 15000+600000
 12764 words of font info for 49 fonts, out of 8000000 for 9000
 14 hyphenation exceptions out of 8191
 48i,10n,37p,1252b,365s stack positions out of 5000i,500n,10000p,200000b,80000s
Output written on pbr.dvi (17 pages, 49588 bytes).
