This is pdfTeX, Version 3.14159265-2.6-1.40.15 (TeX Live 2014/Debian) (preloaded format=latex 2014.11.13)  14 NOV 2014 15:39
entering extended mode
 restricted \write18 enabled.
 %&-line parsing enabled.
**majernik-entropy.tex
(./majernik-entropy.tex
LaTeX2e <2014/05/01>
Babel <3.9k> and hyphenation patterns for 8 languages loaded.

! LaTeX Error: File `mdpi.cls' not found.

Type X to quit or <RETURN> to proceed,
or enter new name. (Default extension: cls)

Enter file name: x

 )
(\end occurred when \ifx on line 37 was incomplete)
(\end occurred when \ifx on line 37 was incomplete) 
Here is how much of TeX's memory you used:
 10 strings out of 494904
 215 string characters out of 6178627
 46355 words of memory out of 5000000
 3338 multiletter control sequences out of 15000+600000
 3640 words of font info for 14 fonts, out of 8000000 for 9000
 81 hyphenation exceptions out of 8191
 10i,0n,7p,1409b,8s stack positions out of 5000i,500n,10000p,200000b,80000s

No pages of output.
